{"name": "test_new_course_with_offering_appears_in_under_review_after_submission[trainer]", "status": "failed", "statusDetails": {"message": "AssertionError: Page URL expected to be 're.compile('.*/courses$')'\nActual value: https://beta-tp.findyourcourses.org/portal/dashboard \nCall log:\n  - Expect \"to_have_url\" with timeout 5000ms\n  - waiting for locator(\":root\")\n    9 × locator resolved to <html lang=\"en\">…</html>\n      - unexpected value \"https://beta-tp.findyourcourses.org/portal/dashboard\"", "trace": "page = <Page url='https://beta-tp.findyourcourses.org/portal/dashboard'>, login = <function login.<locals>._login_and_verify_dashboard at 0x00000208DF5814E0>\nrole = 'trainer'\n\n    @pytest.mark.parametrize(\"role\", [\"trainer\"])\n    @pytest.mark.smoke_checklist\n    async def test_new_course_with_offering_appears_in_under_review_after_submission(page,login, role):\n        await login(page,role)\n        tp_menu = TPDashboardPage(page)\n>       await tp_menu.navigate_to_courses()\n\ntestcases\\training_partner\\courses\\test_add_new_course.py:25: \n_ _ _ _ _ _ _ _ _ _ _ _ _ _ _ _ _ _ _ _ _ _ _ _ _ _ _ _ _ _ _ _ _ _ _ _ _ _ _ _ _ _ _ _ _ _ _ _ _ _ _ _ _ _ _ _ _ _ _ _ _ _ _ _ _ _ _ _ _ _ _ _ _ _ _ _ _ _ _\n\nself = <src.pages.tp.dashboard.dashboard_page.TPDashboardPage object at 0x00000208DF942A10>\n\n    async def navigate_to_courses(self):\n         await check_and_close_page_modal(self.page)\n         await self.page.get_by_role(\"button\", name=\"Courses\").first.click()\n>        await expect(self.page).to_have_url(re.compile(r\".*/courses$\"))\nE        AssertionError: Page URL expected to be 're.compile('.*/courses$')'\nE        Actual value: https://beta-tp.findyourcourses.org/portal/dashboard \nE        Call log:\nE          - Expect \"to_have_url\" with timeout 5000ms\nE          - waiting for locator(\":root\")\nE            9 × locator resolved to <html lang=\"en\">…</html>\nE              - unexpected value \"https://beta-tp.findyourcourses.org/portal/dashboard\"\n\nsrc\\pages\\tp\\dashboard\\dashboard_page.py:14: AssertionError"}, "attachments": [{"name": "log", "source": "ef8249d9-5378-4db5-a7a4-1eb494b9a3d5-attachment.txt", "type": "text/plain"}], "parameters": [{"name": "role", "value": "'trainer'"}], "start": 1760686541287, "stop": 1760686561053, "uuid": "1bc0a9a9-444a-47a5-ba2e-0f41536c2893", "historyId": "61d0c08764ba7266c9afc934d813a527", "testCaseId": "c8478a0550c1226c85c2ca34dce8ca09", "fullName": "testcases.training_partner.courses.test_add_new_course#test_new_course_with_offering_appears_in_under_review_after_submission", "labels": [{"name": "tag", "value": "smoke_checklist"}, {"name": "tag", "value": "asyncio"}, {"name": "parentSuite", "value": "testcases.training_partner.courses"}, {"name": "suite", "value": "test_add_new_course"}, {"name": "host", "value": "DESKTOP-B719PVK"}, {"name": "thread", "value": "10844-MainThread"}, {"name": "framework", "value": "pytest"}, {"name": "language", "value": "cpython3"}, {"name": "package", "value": "testcases.training_partner.courses.test_add_new_course"}]}